2025-08-22 19:39:43 -07:00: Error: You are trying to attach socket.io to an express request handler function. Please pass a http.Server instance.
2025-08-22 19:39:43 -07:00:     at Server.attach (/Users/liammckeown/Desktop/CampusConnect/backend/node_modules/socket.io/dist/index.js:213:19)
2025-08-22 19:39:43 -07:00:     at new Server (/Users/liammckeown/Desktop/CampusConnect/backend/node_modules/socket.io/dist/index.js:119:18)
2025-08-22 19:39:43 -07:00:     at Object.<anonymous> (/Users/liammckeown/Desktop/CampusConnect/backend/src/server.js:26:12)
2025-08-22 19:39:43 -07:00:     at Module._compile (node:internal/modules/cjs/loader:1730:14)
2025-08-22 19:39:43 -07:00:     at Object..js (node:internal/modules/cjs/loader:1895:10)
2025-08-22 19:39:43 -07:00:     at Module.load (node:internal/modules/cjs/loader:1465:32)
2025-08-22 19:39:43 -07:00:     at Function._load (node:internal/modules/cjs/loader:1282:12)
2025-08-22 19:39:43 -07:00:     at Object.<anonymous> (/Users/liammckeown/.nvm/versions/node/v22.17.1/lib/node_modules/pm2/lib/ProcessContainerFork.js:33:23)
2025-08-22 19:39:43 -07:00:     at Module._compile (node:internal/modules/cjs/loader:1730:14)
2025-08-22 19:39:43 -07:00:     at Object..js (node:internal/modules/cjs/loader:1895:10)
2025-08-22 19:39:43 -07:00: Error: You are trying to attach socket.io to an express request handler function. Please pass a http.Server instance.
2025-08-22 19:39:43 -07:00:     at Server.attach (/Users/liammckeown/Desktop/CampusConnect/backend/node_modules/socket.io/dist/index.js:213:19)
2025-08-22 19:39:43 -07:00:     at new Server (/Users/liammckeown/Desktop/CampusConnect/backend/node_modules/socket.io/dist/index.js:119:18)
2025-08-22 19:39:43 -07:00:     at Object.<anonymous> (/Users/liammckeown/Desktop/CampusConnect/backend/src/server.js:26:12)
2025-08-22 19:39:43 -07:00:     at Module._compile (node:internal/modules/cjs/loader:1730:14)
2025-08-22 19:39:43 -07:00:     at Object..js (node:internal/modules/cjs/loader:1895:10)
2025-08-22 19:39:43 -07:00:     at Module.load (node:internal/modules/cjs/loader:1465:32)
2025-08-22 19:39:43 -07:00:     at Function._load (node:internal/modules/cjs/loader:1282:12)
2025-08-22 19:39:43 -07:00:     at Object.<anonymous> (/Users/liammckeown/.nvm/versions/node/v22.17.1/lib/node_modules/pm2/lib/ProcessContainerFork.js:33:23)
2025-08-22 19:39:43 -07:00:     at Module._compile (node:internal/modules/cjs/loader:1730:14)
2025-08-22 19:39:43 -07:00:     at Object..js (node:internal/modules/cjs/loader:1895:10)
2025-08-22 19:39:44 -07:00: Error: You are trying to attach socket.io to an express request handler function. Please pass a http.Server instance.
2025-08-22 19:39:44 -07:00:     at Server.attach (/Users/liammckeown/Desktop/CampusConnect/backend/node_modules/socket.io/dist/index.js:213:19)
2025-08-22 19:39:44 -07:00:     at new Server (/Users/liammckeown/Desktop/CampusConnect/backend/node_modules/socket.io/dist/index.js:119:18)
2025-08-22 19:39:44 -07:00:     at Object.<anonymous> (/Users/liammckeown/Desktop/CampusConnect/backend/src/server.js:26:12)
2025-08-22 19:39:44 -07:00:     at Module._compile (node:internal/modules/cjs/loader:1730:14)
2025-08-22 19:39:44 -07:00:     at Object..js (node:internal/modules/cjs/loader:1895:10)
2025-08-22 19:39:44 -07:00:     at Module.load (node:internal/modules/cjs/loader:1465:32)
2025-08-22 19:39:44 -07:00:     at Function._load (node:internal/modules/cjs/loader:1282:12)
2025-08-22 19:39:44 -07:00:     at Object.<anonymous> (/Users/liammckeown/.nvm/versions/node/v22.17.1/lib/node_modules/pm2/lib/ProcessContainerFork.js:33:23)
2025-08-22 19:39:44 -07:00:     at Module._compile (node:internal/modules/cjs/loader:1730:14)
2025-08-22 19:39:44 -07:00:     at Object..js (node:internal/modules/cjs/loader:1895:10)
2025-08-22 19:39:44 -07:00: Error: You are trying to attach socket.io to an express request handler function. Please pass a http.Server instance.
2025-08-22 19:39:44 -07:00:     at Server.attach (/Users/liammckeown/Desktop/CampusConnect/backend/node_modules/socket.io/dist/index.js:213:19)
2025-08-22 19:39:44 -07:00:     at new Server (/Users/liammckeown/Desktop/CampusConnect/backend/node_modules/socket.io/dist/index.js:119:18)
2025-08-22 19:39:44 -07:00:     at Object.<anonymous> (/Users/liammckeown/Desktop/CampusConnect/backend/src/server.js:26:12)
2025-08-22 19:39:44 -07:00:     at Module._compile (node:internal/modules/cjs/loader:1730:14)
2025-08-22 19:39:44 -07:00:     at Object..js (node:internal/modules/cjs/loader:1895:10)
2025-08-22 19:39:44 -07:00:     at Module.load (node:internal/modules/cjs/loader:1465:32)
2025-08-22 19:39:44 -07:00:     at Function._load (node:internal/modules/cjs/loader:1282:12)
2025-08-22 19:39:44 -07:00:     at Object.<anonymous> (/Users/liammckeown/.nvm/versions/node/v22.17.1/lib/node_modules/pm2/lib/ProcessContainerFork.js:33:23)
2025-08-22 19:39:44 -07:00:     at Module._compile (node:internal/modules/cjs/loader:1730:14)
2025-08-22 19:39:44 -07:00:     at Object..js (node:internal/modules/cjs/loader:1895:10)
2025-08-22 19:39:44 -07:00: Error: You are trying to attach socket.io to an express request handler function. Please pass a http.Server instance.
2025-08-22 19:39:44 -07:00:     at Server.attach (/Users/liammckeown/Desktop/CampusConnect/backend/node_modules/socket.io/dist/index.js:213:19)
2025-08-22 19:39:44 -07:00:     at new Server (/Users/liammckeown/Desktop/CampusConnect/backend/node_modules/socket.io/dist/index.js:119:18)
2025-08-22 19:39:44 -07:00:     at Object.<anonymous> (/Users/liammckeown/Desktop/CampusConnect/backend/src/server.js:26:12)
2025-08-22 19:39:44 -07:00:     at Module._compile (node:internal/modules/cjs/loader:1730:14)
2025-08-22 19:39:44 -07:00:     at Object..js (node:internal/modules/cjs/loader:1895:10)
2025-08-22 19:39:44 -07:00:     at Module.load (node:internal/modules/cjs/loader:1465:32)
2025-08-22 19:39:44 -07:00:     at Function._load (node:internal/modules/cjs/loader:1282:12)
2025-08-22 19:39:44 -07:00:     at Object.<anonymous> (/Users/liammckeown/.nvm/versions/node/v22.17.1/lib/node_modules/pm2/lib/ProcessContainerFork.js:33:23)
2025-08-22 19:39:44 -07:00:     at Module._compile (node:internal/modules/cjs/loader:1730:14)
2025-08-22 19:39:44 -07:00:     at Object..js (node:internal/modules/cjs/loader:1895:10)
2025-08-22 19:39:45 -07:00: Error: You are trying to attach socket.io to an express request handler function. Please pass a http.Server instance.
2025-08-22 19:39:45 -07:00:     at Server.attach (/Users/liammckeown/Desktop/CampusConnect/backend/node_modules/socket.io/dist/index.js:213:19)
2025-08-22 19:39:45 -07:00:     at new Server (/Users/liammckeown/Desktop/CampusConnect/backend/node_modules/socket.io/dist/index.js:119:18)
2025-08-22 19:39:45 -07:00:     at Object.<anonymous> (/Users/liammckeown/Desktop/CampusConnect/backend/src/server.js:26:12)
2025-08-22 19:39:45 -07:00:     at Module._compile (node:internal/modules/cjs/loader:1730:14)
2025-08-22 19:39:45 -07:00:     at Object..js (node:internal/modules/cjs/loader:1895:10)
2025-08-22 19:39:45 -07:00:     at Module.load (node:internal/modules/cjs/loader:1465:32)
2025-08-22 19:39:45 -07:00:     at Function._load (node:internal/modules/cjs/loader:1282:12)
2025-08-22 19:39:45 -07:00:     at Object.<anonymous> (/Users/liammckeown/.nvm/versions/node/v22.17.1/lib/node_modules/pm2/lib/ProcessContainerFork.js:33:23)
2025-08-22 19:39:45 -07:00:     at Module._compile (node:internal/modules/cjs/loader:1730:14)
2025-08-22 19:39:45 -07:00:     at Object..js (node:internal/modules/cjs/loader:1895:10)
2025-08-22 19:39:45 -07:00: Error: You are trying to attach socket.io to an express request handler function. Please pass a http.Server instance.
2025-08-22 19:39:45 -07:00:     at Server.attach (/Users/liammckeown/Desktop/CampusConnect/backend/node_modules/socket.io/dist/index.js:213:19)
2025-08-22 19:39:45 -07:00:     at new Server (/Users/liammckeown/Desktop/CampusConnect/backend/node_modules/socket.io/dist/index.js:119:18)
2025-08-22 19:39:45 -07:00:     at Object.<anonymous> (/Users/liammckeown/Desktop/CampusConnect/backend/src/server.js:26:12)
2025-08-22 19:39:45 -07:00:     at Module._compile (node:internal/modules/cjs/loader:1730:14)
2025-08-22 19:39:45 -07:00:     at Object..js (node:internal/modules/cjs/loader:1895:10)
2025-08-22 19:39:45 -07:00:     at Module.load (node:internal/modules/cjs/loader:1465:32)
2025-08-22 19:39:45 -07:00:     at Function._load (node:internal/modules/cjs/loader:1282:12)
2025-08-22 19:39:45 -07:00:     at Object.<anonymous> (/Users/liammckeown/.nvm/versions/node/v22.17.1/lib/node_modules/pm2/lib/ProcessContainerFork.js:33:23)
2025-08-22 19:39:45 -07:00:     at Module._compile (node:internal/modules/cjs/loader:1730:14)
2025-08-22 19:39:45 -07:00:     at Object..js (node:internal/modules/cjs/loader:1895:10)
2025-08-22 19:39:45 -07:00: Error: You are trying to attach socket.io to an express request handler function. Please pass a http.Server instance.
2025-08-22 19:39:45 -07:00:     at Server.attach (/Users/liammckeown/Desktop/CampusConnect/backend/node_modules/socket.io/dist/index.js:213:19)
2025-08-22 19:39:45 -07:00:     at new Server (/Users/liammckeown/Desktop/CampusConnect/backend/node_modules/socket.io/dist/index.js:119:18)
2025-08-22 19:39:45 -07:00:     at Object.<anonymous> (/Users/liammckeown/Desktop/CampusConnect/backend/src/server.js:26:12)
2025-08-22 19:39:45 -07:00:     at Module._compile (node:internal/modules/cjs/loader:1730:14)
2025-08-22 19:39:45 -07:00:     at Object..js (node:internal/modules/cjs/loader:1895:10)
2025-08-22 19:39:45 -07:00:     at Module.load (node:internal/modules/cjs/loader:1465:32)
2025-08-22 19:39:45 -07:00:     at Function._load (node:internal/modules/cjs/loader:1282:12)
2025-08-22 19:39:45 -07:00:     at Object.<anonymous> (/Users/liammckeown/.nvm/versions/node/v22.17.1/lib/node_modules/pm2/lib/ProcessContainerFork.js:33:23)
2025-08-22 19:39:45 -07:00:     at Module._compile (node:internal/modules/cjs/loader:1730:14)
2025-08-22 19:39:45 -07:00:     at Object..js (node:internal/modules/cjs/loader:1895:10)
2025-08-22 19:39:46 -07:00: Error: You are trying to attach socket.io to an express request handler function. Please pass a http.Server instance.
2025-08-22 19:39:46 -07:00:     at Server.attach (/Users/liammckeown/Desktop/CampusConnect/backend/node_modules/socket.io/dist/index.js:213:19)
2025-08-22 19:39:46 -07:00:     at new Server (/Users/liammckeown/Desktop/CampusConnect/backend/node_modules/socket.io/dist/index.js:119:18)
2025-08-22 19:39:46 -07:00:     at Object.<anonymous> (/Users/liammckeown/Desktop/CampusConnect/backend/src/server.js:26:12)
2025-08-22 19:39:46 -07:00:     at Module._compile (node:internal/modules/cjs/loader:1730:14)
2025-08-22 19:39:46 -07:00:     at Object..js (node:internal/modules/cjs/loader:1895:10)
2025-08-22 19:39:46 -07:00:     at Module.load (node:internal/modules/cjs/loader:1465:32)
2025-08-22 19:39:46 -07:00:     at Function._load (node:internal/modules/cjs/loader:1282:12)
2025-08-22 19:39:46 -07:00:     at Object.<anonymous> (/Users/liammckeown/.nvm/versions/node/v22.17.1/lib/node_modules/pm2/lib/ProcessContainerFork.js:33:23)
2025-08-22 19:39:46 -07:00:     at Module._compile (node:internal/modules/cjs/loader:1730:14)
2025-08-22 19:39:46 -07:00:     at Object..js (node:internal/modules/cjs/loader:1895:10)
2025-08-22 19:39:46 -07:00: Error: You are trying to attach socket.io to an express request handler function. Please pass a http.Server instance.
2025-08-22 19:39:46 -07:00:     at Server.attach (/Users/liammckeown/Desktop/CampusConnect/backend/node_modules/socket.io/dist/index.js:213:19)
2025-08-22 19:39:46 -07:00:     at new Server (/Users/liammckeown/Desktop/CampusConnect/backend/node_modules/socket.io/dist/index.js:119:18)
2025-08-22 19:39:46 -07:00:     at Object.<anonymous> (/Users/liammckeown/Desktop/CampusConnect/backend/src/server.js:26:12)
2025-08-22 19:39:46 -07:00:     at Module._compile (node:internal/modules/cjs/loader:1730:14)
2025-08-22 19:39:46 -07:00:     at Object..js (node:internal/modules/cjs/loader:1895:10)
2025-08-22 19:39:46 -07:00:     at Module.load (node:internal/modules/cjs/loader:1465:32)
2025-08-22 19:39:46 -07:00:     at Function._load (node:internal/modules/cjs/loader:1282:12)
2025-08-22 19:39:46 -07:00:     at Object.<anonymous> (/Users/liammckeown/.nvm/versions/node/v22.17.1/lib/node_modules/pm2/lib/ProcessContainerFork.js:33:23)
2025-08-22 19:39:46 -07:00:     at Module._compile (node:internal/modules/cjs/loader:1730:14)
2025-08-22 19:39:46 -07:00:     at Object..js (node:internal/modules/cjs/loader:1895:10)
2025-08-22 19:41:48 -07:00: 🚀 Server running on port 3000
2025-08-22 19:41:48 -07:00: 📱 Environment: development
2025-08-22 19:41:48 -07:00: 🔗 API Version: v1
2025-08-22 19:41:48 -07:00: 🏛️ Currently restricted to: California Polytechnic State University, San Luis Obispo
2025-08-22 19:41:48 -07:00: 🔧 Multi-university architecture ready for future expansion
2025-08-22 19:41:48 -07:00: ✅ Connected to Redis
2025-08-22 19:41:48 -07:00: ✅ Redis client ready
2025-08-22 19:41:48 -07:00: ✅ Redis connection test successful
2025-08-22 19:41:49 -07:00: ✅ Connected to PostgreSQL database
2025-08-22 19:41:49 -07:00: ✅ Database tables created successfully
2025-08-22 19:41:52 -07:00: ::1 - - [23/Aug/2025:02:41:52 +0000] "GET /health HTTP/1.1" 200 82 "-" "curl/8.7.1"
2025-08-22 19:41:56 -07:00: ::1 - - [23/Aug/2025:02:41:56 +0000] "GET /api/v1/posts?page=1&limit=5 HTTP/1.1" 200 661 "-" "curl/8.7.1"
2025-08-22 19:42:57 -07:00: ❌ 404 Not Found: GET /api/v1/users?page=1&limit=5 from ::1
2025-08-22 19:42:57 -07:00: ❌ Error: {
2025-08-22 19:42:57 -07:00:   message: 'Route not found - /api/v1/users?page=1&limit=5',
2025-08-22 19:42:57 -07:00:   stack: 'Error: Route not found - /api/v1/users?page=1&limit=5\n' +
2025-08-22 19:42:57 -07:00:     '    at notFound (/Users/liammckeown/Desktop/CampusConnect/backend/src/middleware/notFound.js:2:17)\n' +
2025-08-22 19:42:57 -07:00:     '    at Layer.handle [as handle_request] (/Users/liammckeown/Desktop/CampusConnect/backend/node_modules/express/lib/router/layer.js:95:5)\n' +
2025-08-22 19:42:57 -07:00:     '    at trim_prefix (/Users/liammckeown/Desktop/CampusConnect/backend/node_modules/express/lib/router/index.js:328:13)\n' +
2025-08-22 19:42:57 -07:00:     '    at /Users/liammckeown/Desktop/CampusConnect/backend/node_modules/express/lib/router/index.js:286:9\n' +
2025-08-22 19:42:57 -07:00:     '    at Function.process_params (/Users/liammckeown/Desktop/CampusConnect/backend/node_modules/express/lib/router/index.js:346:12)\n' +
2025-08-22 19:42:57 -07:00:     '    at next (/Users/liammckeown/Desktop/CampusConnect/backend/node_modules/express/lib/router/index.js:280:10)\n' +
2025-08-22 19:42:57 -07:00:     '    at /Users/liammckeown/Desktop/CampusConnect/backend/node_modules/express/lib/router/index.js:646:15\n' +
2025-08-22 19:42:57 -07:00:     '    at next (/Users/liammckeown/Desktop/CampusConnect/backend/node_modules/express/lib/router/index.js:265:14)\n' +
2025-08-22 19:42:57 -07:00:     '    at Function.handle (/Users/liammckeown/Desktop/CampusConnect/backend/node_modules/express/lib/router/index.js:175:3)\n' +
2025-08-22 19:42:57 -07:00:     '    at router (/Users/liammckeown/Desktop/CampusConnect/backend/node_modules/express/lib/router/index.js:47:12)',
2025-08-22 19:42:57 -07:00:   url: '/api/v1/users?page=1&limit=5',
2025-08-22 19:42:57 -07:00:   method: 'GET',
2025-08-22 19:42:57 -07:00:   ip: '::1',
2025-08-22 19:42:57 -07:00:   userAgent: 'curl/8.7.1',
2025-08-22 19:42:57 -07:00:   timestamp: '2025-08-23T02:42:57.483Z'
2025-08-22 19:42:57 -07:00: }
2025-08-22 19:42:57 -07:00: ::1 - - [23/Aug/2025:02:42:57 +0000] "GET /api/v1/users?page=1&limit=5 HTTP/1.1" 404 1424 "-" "curl/8.7.1"
2025-08-22 19:43:10 -07:00: ::1 - - [23/Aug/2025:02:43:10 +0000] "GET /api/v1/users/profile HTTP/1.1" 401 73 "-" "curl/8.7.1"
2025-08-22 19:43:14 -07:00: ❌ 404 Not Found: GET /api/v1/search?q=test&page=1&limit=5 from ::1
2025-08-22 19:43:14 -07:00: ❌ Error: {
2025-08-22 19:43:14 -07:00:   message: 'Route not found - /api/v1/search?q=test&page=1&limit=5',
2025-08-22 19:43:14 -07:00:   stack: 'Error: Route not found - /api/v1/search?q=test&page=1&limit=5\n' +
2025-08-22 19:43:14 -07:00:     '    at notFound (/Users/liammckeown/Desktop/CampusConnect/backend/src/middleware/notFound.js:2:17)\n' +
2025-08-22 19:43:14 -07:00:     '    at Layer.handle [as handle_request] (/Users/liammckeown/Desktop/CampusConnect/backend/node_modules/express/lib/router/layer.js:95:5)\n' +
2025-08-22 19:43:14 -07:00:     '    at trim_prefix (/Users/liammckeown/Desktop/CampusConnect/backend/node_modules/express/lib/router/index.js:328:13)\n' +
2025-08-22 19:43:14 -07:00:     '    at /Users/liammckeown/Desktop/CampusConnect/backend/node_modules/express/lib/router/index.js:286:9\n' +
2025-08-22 19:43:14 -07:00:     '    at Function.process_params (/Users/liammckeown/Desktop/CampusConnect/backend/node_modules/express/lib/router/index.js:346:12)\n' +
2025-08-22 19:43:14 -07:00:     '    at next (/Users/liammckeown/Desktop/CampusConnect/backend/node_modules/express/lib/router/index.js:280:10)\n' +
2025-08-22 19:43:14 -07:00:     '    at /Users/liammckeown/Desktop/CampusConnect/backend/node_modules/express/lib/router/index.js:646:15\n' +
2025-08-22 19:43:14 -07:00:     '    at next (/Users/liammckeown/Desktop/CampusConnect/backend/node_modules/express/lib/router/index.js:265:14)\n' +
2025-08-22 19:43:14 -07:00:     '    at Function.handle (/Users/liammckeown/Desktop/CampusConnect/backend/node_modules/express/lib/router/index.js:175:3)\n' +
2025-08-22 19:43:14 -07:00:     '    at router (/Users/liammckeown/Desktop/CampusConnect/backend/node_modules/express/lib/router/index.js:47:12)',
2025-08-22 19:43:14 -07:00:   url: '/api/v1/search?q=test&page=1&limit=5',
2025-08-22 19:43:14 -07:00:   method: 'GET',
2025-08-22 19:43:14 -07:00:   ip: '::1',
2025-08-22 19:43:14 -07:00:   userAgent: 'curl/8.7.1',
2025-08-22 19:43:14 -07:00:   timestamp: '2025-08-23T02:43:14.864Z'
2025-08-22 19:43:14 -07:00: }
2025-08-22 19:43:14 -07:00: ::1 - - [23/Aug/2025:02:43:14 +0000] "GET /api/v1/search?q=test&page=1&limit=5 HTTP/1.1" 404 1448 "-" "curl/8.7.1"
2025-08-22 19:43:49 -07:00: 🚀 Server running on port 3000
2025-08-22 19:43:49 -07:00: 📱 Environment: development
2025-08-22 19:43:49 -07:00: 🔗 API Version: v1
2025-08-22 19:43:49 -07:00: 🏛️ Currently restricted to: California Polytechnic State University, San Luis Obispo
2025-08-22 19:43:49 -07:00: 🔧 Multi-university architecture ready for future expansion
2025-08-22 19:43:49 -07:00: ✅ Connected to Redis
2025-08-22 19:43:49 -07:00: ✅ Redis client ready
2025-08-22 19:43:49 -07:00: ✅ Redis connection test successful
2025-08-22 19:43:49 -07:00: ✅ Connected to PostgreSQL database
2025-08-22 19:43:49 -07:00: ✅ Database tables created successfully
2025-08-22 19:43:55 -07:00: ::1 - - [23/Aug/2025:02:43:55 +0000] "GET /api/v1/search/posts?query=test&page=1&limit=5 HTTP/1.1" 200 758 "-" "curl/8.7.1"
2025-08-22 19:44:05 -07:00: ❌ 404 Not Found: GET /api/v1/messages?page=1&limit=5 from ::1
2025-08-22 19:44:05 -07:00: ❌ Error: {
2025-08-22 19:44:05 -07:00:   message: 'Route not found - /api/v1/messages?page=1&limit=5',
2025-08-22 19:44:05 -07:00:   stack: 'Error: Route not found - /api/v1/messages?page=1&limit=5\n' +
2025-08-22 19:44:05 -07:00:     '    at notFound (/Users/liammckeown/Desktop/CampusConnect/backend/src/middleware/notFound.js:2:17)\n' +
2025-08-22 19:44:05 -07:00:     '    at Layer.handle [as handle_request] (/Users/liammckeown/Desktop/CampusConnect/backend/node_modules/express/lib/router/layer.js:95:5)\n' +
2025-08-22 19:44:05 -07:00:     '    at trim_prefix (/Users/liammckeown/Desktop/CampusConnect/backend/node_modules/express/lib/router/index.js:328:13)\n' +
2025-08-22 19:44:05 -07:00:     '    at /Users/liammckeown/Desktop/CampusConnect/backend/node_modules/express/lib/router/index.js:286:9\n' +
2025-08-22 19:44:05 -07:00:     '    at Function.process_params (/Users/liammckeown/Desktop/CampusConnect/backend/node_modules/express/lib/router/index.js:346:12)\n' +
2025-08-22 19:44:05 -07:00:     '    at next (/Users/liammckeown/Desktop/CampusConnect/backend/node_modules/express/lib/router/index.js:280:10)\n' +
2025-08-22 19:44:05 -07:00:     '    at /Users/liammckeown/Desktop/CampusConnect/backend/node_modules/express/lib/router/index.js:646:15\n' +
2025-08-22 19:44:05 -07:00:     '    at next (/Users/liammckeown/Desktop/CampusConnect/backend/node_modules/express/lib/router/index.js:265:14)\n' +
2025-08-22 19:44:05 -07:00:     '    at Function.handle (/Users/liammckeown/Desktop/CampusConnect/backend/node_modules/express/lib/router/index.js:175:3)\n' +
2025-08-22 19:44:05 -07:00:     '    at router (/Users/liammckeown/Desktop/CampusConnect/backend/node_modules/express/lib/router/index.js:47:12)',
2025-08-22 19:44:05 -07:00:   url: '/api/v1/messages?page=1&limit=5',
2025-08-22 19:44:05 -07:00:   method: 'GET',
2025-08-22 19:44:05 -07:00:   ip: '::1',
2025-08-22 19:44:05 -07:00:   userAgent: 'curl/8.7.1',
2025-08-22 19:44:05 -07:00:   timestamp: '2025-08-23T02:44:05.782Z'
2025-08-22 19:44:05 -07:00: }
2025-08-22 19:44:05 -07:00: ::1 - - [23/Aug/2025:02:44:05 +0000] "GET /api/v1/messages?page=1&limit=5 HTTP/1.1" 404 1433 "-" "curl/8.7.1"
2025-08-22 19:44:14 -07:00: ::1 - - [23/Aug/2025:02:44:14 +0000] "GET /api/v1/messages/conversations?page=1&limit=5 HTTP/1.1" 401 73 "-" "curl/8.7.1"
2025-08-22 19:44:33 -07:00: ❌ 404 Not Found: GET /api/v1/upload from ::1
2025-08-22 19:44:33 -07:00: ❌ Error: {
2025-08-22 19:44:33 -07:00:   message: 'Route not found - /api/v1/upload',
2025-08-22 19:44:33 -07:00:   stack: 'Error: Route not found - /api/v1/upload\n' +
2025-08-22 19:44:33 -07:00:     '    at notFound (/Users/liammckeown/Desktop/CampusConnect/backend/src/middleware/notFound.js:2:17)\n' +
2025-08-22 19:44:33 -07:00:     '    at Layer.handle [as handle_request] (/Users/liammckeown/Desktop/CampusConnect/backend/node_modules/express/lib/router/layer.js:95:5)\n' +
2025-08-22 19:44:33 -07:00:     '    at trim_prefix (/Users/liammckeown/Desktop/CampusConnect/backend/node_modules/express/lib/router/index.js:328:13)\n' +
2025-08-22 19:44:33 -07:00:     '    at /Users/liammckeown/Desktop/CampusConnect/backend/node_modules/express/lib/router/index.js:286:9\n' +
2025-08-22 19:44:33 -07:00:     '    at Function.process_params (/Users/liammckeown/Desktop/CampusConnect/backend/node_modules/express/lib/router/index.js:346:12)\n' +
2025-08-22 19:44:33 -07:00:     '    at next (/Users/liammckeown/Desktop/CampusConnect/backend/node_modules/express/lib/router/index.js:280:10)\n' +
2025-08-22 19:44:33 -07:00:     '    at /Users/liammckeown/Desktop/CampusConnect/backend/node_modules/express/lib/router/index.js:646:15\n' +
2025-08-22 19:44:33 -07:00:     '    at next (/Users/liammckeown/Desktop/CampusConnect/backend/node_modules/express/lib/router/index.js:265:14)\n' +
2025-08-22 19:44:33 -07:00:     '    at Function.handle (/Users/liammckeown/Desktop/CampusConnect/backend/node_modules/express/lib/router/index.js:175:3)\n' +
2025-08-22 19:44:33 -07:00:     '    at router (/Users/liammckeown/Desktop/CampusConnect/backend/node_modules/express/lib/router/index.js:47:12)',
2025-08-22 19:44:33 -07:00:   url: '/api/v1/upload',
2025-08-22 19:44:33 -07:00:   method: 'GET',
2025-08-22 19:44:33 -07:00:   ip: '::1',
2025-08-22 19:44:33 -07:00:   userAgent: 'curl/8.7.1',
2025-08-22 19:44:33 -07:00:   timestamp: '2025-08-23T02:44:33.354Z'
2025-08-22 19:44:33 -07:00: }
2025-08-22 19:44:33 -07:00: ::1 - - [23/Aug/2025:02:44:33 +0000] "GET /api/v1/upload HTTP/1.1" 404 1382 "-" "curl/8.7.1"
2025-08-22 19:44:42 -07:00: ✅ Connected to PostgreSQL database
2025-08-22 19:44:42 -07:00: ::1 - - [23/Aug/2025:02:44:42 +0000] "POST /api/v1/auth/login HTTP/1.1" 401 59 "-" "curl/8.7.1"
2025-08-22 19:44:56 -07:00: ::1 - - [23/Aug/2025:02:44:56 +0000] "POST /api/v1/auth/login HTTP/1.1" 401 59 "-" "curl/8.7.1"
2025-08-22 19:45:12 -07:00: 🔧 Development mode: Auto-verifying email for testing
2025-08-22 19:45:12 -07:00: ::1 - - [23/Aug/2025:02:45:12 +0000] "POST /api/v1/auth/register HTTP/1.1" 201 771 "-" "curl/8.7.1"
2025-08-22 19:45:18 -07:00: ::1 - - [23/Aug/2025:02:45:18 +0000] "POST /api/v1/auth/login HTTP/1.1" 200 825 "-" "curl/8.7.1"
2025-08-22 19:45:27 -07:00: ::1 - - [23/Aug/2025:02:45:27 +0000] "GET /api/v1/users/profile HTTP/1.1" 200 551 "-" "curl/8.7.1"
2025-08-22 19:45:34 -07:00: ::1 - - [23/Aug/2025:02:45:34 +0000] "GET /api/v1/messages/conversations?page=1&limit=5 HTTP/1.1" 200 98 "-" "curl/8.7.1"
2025-08-22 19:45:41 -07:00: Create post error: TypeError: Cannot read properties of undefined (reading 'connect')
2025-08-22 19:45:41 -07:00:     at /Users/liammckeown/Desktop/CampusConnect/backend/src/routes/posts.js:349:39
2025-08-22 19:45:41 -07:00:     at Layer.handle [as handle_request] (/Users/liammckeown/Desktop/CampusConnect/backend/node_modules/express/lib/router/layer.js:95:5)
2025-08-22 19:45:41 -07:00:     at next (/Users/liammckeown/Desktop/CampusConnect/backend/node_modules/express/lib/router/route.js:149:13)
2025-08-22 19:45:41 -07:00:     at validate (/Users/liammckeown/Desktop/CampusConnect/backend/src/middleware/validation.js:23:3)
2025-08-22 19:45:41 -07:00:     at Layer.handle [as handle_request] (/Users/liammckeown/Desktop/CampusConnect/backend/node_modules/express/lib/router/layer.js:95:5)
2025-08-22 19:45:41 -07:00:     at next (/Users/liammckeown/Desktop/CampusConnect/backend/node_modules/express/lib/router/route.js:149:13)
2025-08-22 19:45:41 -07:00:     at middleware (/Users/liammckeown/Desktop/CampusConnect/backend/node_modules/express-validator/lib/middlewares/check.js:16:13)
2025-08-22 19:45:41 -07:00:     at process.processTicksAndRejections (node:internal/process/task_queues:105:5)
2025-08-22 19:45:41 -07:00: ::1 - - [23/Aug/2025:02:45:41 +0000] "POST /api/v1/posts HTTP/1.1" 500 80 "-" "curl/8.7.1"
2025-08-22 19:49:05 -07:00: 🚀 Server running on port 3000
2025-08-22 19:49:05 -07:00: 📱 Environment: development
2025-08-22 19:49:05 -07:00: 🔗 API Version: v1
2025-08-22 19:49:05 -07:00: 🏛️ Currently restricted to: California Polytechnic State University, San Luis Obispo
2025-08-22 19:49:05 -07:00: 🔧 Multi-university architecture ready for future expansion
2025-08-22 19:49:05 -07:00: ✅ Connected to Redis
2025-08-22 19:49:05 -07:00: ✅ Redis client ready
2025-08-22 19:49:05 -07:00: ✅ Redis connection test successful
2025-08-22 19:49:05 -07:00: ✅ Connected to PostgreSQL database
2025-08-22 19:49:05 -07:00: ✅ Database tables created successfully
2025-08-22 19:49:12 -07:00: ✅ Connected to PostgreSQL database
2025-08-22 19:49:12 -07:00: ::1 - - [23/Aug/2025:02:49:12 +0000] "POST /api/v1/posts HTTP/1.1" 201 597 "-" "curl/8.7.1"
2025-08-22 19:49:20 -07:00: ::1 - - [23/Aug/2025:02:49:20 +0000] "GET /api/v1/posts?page=1&limit=5 HTTP/1.1" 200 1243 "-" "curl/8.7.1"
2025-08-22 19:49:25 -07:00: ::1 - - [23/Aug/2025:02:49:25 +0000] "GET /api/v1/search/posts?query=API&page=1&limit=5 HTTP/1.1" 200 1362 "-" "curl/8.7.1"
2025-08-22 20:21:40 -07:00: 🚀 Server running on port 3000
2025-08-22 20:21:40 -07:00: 📱 Environment: development
2025-08-22 20:21:40 -07:00: 🔗 API Version: v1
2025-08-22 20:21:40 -07:00: 🏛️ Currently restricted to: California Polytechnic State University, San Luis Obispo
2025-08-22 20:21:40 -07:00: 🔧 Multi-university architecture ready for future expansion
2025-08-22 20:21:40 -07:00: ✅ Connected to Redis
2025-08-22 20:21:40 -07:00: ✅ Redis client ready
2025-08-22 20:21:40 -07:00: ✅ Connected to PostgreSQL database
2025-08-22 20:21:40 -07:00: ✅ Redis connection test successful
2025-08-22 20:21:40 -07:00: ✅ Database tables created successfully
2025-08-22 20:21:50 -07:00: ❌ Failed to send verification code email: Error: Invalid login: 535-5.7.8 Username and Password not accepted. For more information, go to
2025-08-22 20:21:50 -07:00: 535 5.7.8  https://support.google.com/mail/?p=BadCredentials d9443c01a7336-2466877a084sm10028165ad.20 - gsmtp
2025-08-22 20:21:50 -07:00:     at SMTPConnection._formatError (/Users/liammckeown/Desktop/CampusConnect/backend/node_modules/nodemailer/lib/smtp-connection/index.js:809:19)
2025-08-22 20:21:50 -07:00:     at SMTPConnection._actionAUTHComplete (/Users/liammckeown/Desktop/CampusConnect/backend/node_modules/nodemailer/lib/smtp-connection/index.js:1588:34)
2025-08-22 20:21:50 -07:00:     at SMTPConnection.<anonymous> (/Users/liammckeown/Desktop/CampusConnect/backend/node_modules/nodemailer/lib/smtp-connection/index.js:556:26)
2025-08-22 20:21:50 -07:00:     at SMTPConnection._processResponse (/Users/liammckeown/Desktop/CampusConnect/backend/node_modules/nodemailer/lib/smtp-connection/index.js:993:20)
2025-08-22 20:21:50 -07:00:     at SMTPConnection._onData (/Users/liammckeown/Desktop/CampusConnect/backend/node_modules/nodemailer/lib/smtp-connection/index.js:774:14)
2025-08-22 20:21:50 -07:00:     at SMTPConnection._onSocketData (/Users/liammckeown/Desktop/CampusConnect/backend/node_modules/nodemailer/lib/smtp-connection/index.js:195:44)
2025-08-22 20:21:50 -07:00:     at TLSSocket.emit (node:events:518:28)
2025-08-22 20:21:50 -07:00:     at addChunk (node:internal/streams/readable:561:12)
2025-08-22 20:21:50 -07:00:     at readableAddChunkPushByteMode (node:internal/streams/readable:512:3)
2025-08-22 20:21:50 -07:00:     at Readable.push (node:internal/streams/readable:392:5) {
2025-08-22 20:21:50 -07:00:   code: 'EAUTH',
2025-08-22 20:21:50 -07:00:   response: '535-5.7.8 Username and Password not accepted. For more information, go to\n' +
2025-08-22 20:21:50 -07:00:     '535 5.7.8  https://support.google.com/mail/?p=BadCredentials d9443c01a7336-2466877a084sm10028165ad.20 - gsmtp',
2025-08-22 20:21:50 -07:00:   responseCode: 535,
2025-08-22 20:21:50 -07:00:   command: 'AUTH PLAIN'
2025-08-22 20:21:50 -07:00: }
2025-08-22 20:21:50 -07:00: ::1 - - [23/Aug/2025:03:21:50 +0000] "POST /api/v1/auth/register HTTP/1.1" 201 764 "-" "curl/8.7.1"
2025-08-22 20:22:08 -07:00: ::1 - - [23/Aug/2025:03:22:08 +0000] "POST /api/v1/auth/verify-code HTTP/1.1" 200 145 "-" "curl/8.7.1"
2025-08-22 20:22:22 -07:00: ::1 - - [23/Aug/2025:03:22:22 +0000] "POST /api/v1/auth/login HTTP/1.1" 200 817 "-" "curl/8.7.1"
2025-08-22 20:24:41 -07:00: ✅ Connected to PostgreSQL database
2025-08-22 20:24:42 -07:00: ❌ Failed to send verification code email: Error: Invalid login: 535-5.7.8 Username and Password not accepted. For more information, go to
2025-08-22 20:24:42 -07:00: 535 5.7.8  https://support.google.com/mail/?p=BadCredentials 98e67ed59e1d1-3254aa72b49sm1177094a91.30 - gsmtp
2025-08-22 20:24:42 -07:00:     at SMTPConnection._formatError (/Users/liammckeown/Desktop/CampusConnect/backend/node_modules/nodemailer/lib/smtp-connection/index.js:809:19)
2025-08-22 20:24:42 -07:00:     at SMTPConnection._actionAUTHComplete (/Users/liammckeown/Desktop/CampusConnect/backend/node_modules/nodemailer/lib/smtp-connection/index.js:1588:34)
2025-08-22 20:24:42 -07:00:     at SMTPConnection.<anonymous> (/Users/liammckeown/Desktop/CampusConnect/backend/node_modules/nodemailer/lib/smtp-connection/index.js:556:26)
2025-08-22 20:24:42 -07:00:     at SMTPConnection._processResponse (/Users/liammckeown/Desktop/CampusConnect/backend/node_modules/nodemailer/lib/smtp-connection/index.js:993:20)
2025-08-22 20:24:42 -07:00:     at SMTPConnection._onData (/Users/liammckeown/Desktop/CampusConnect/backend/node_modules/nodemailer/lib/smtp-connection/index.js:774:14)
2025-08-22 20:24:42 -07:00:     at SMTPConnection._onSocketData (/Users/liammckeown/Desktop/CampusConnect/backend/node_modules/nodemailer/lib/smtp-connection/index.js:195:44)
2025-08-22 20:24:42 -07:00:     at TLSSocket.emit (node:events:518:28)
2025-08-22 20:24:42 -07:00:     at addChunk (node:internal/streams/readable:561:12)
2025-08-22 20:24:42 -07:00:     at readableAddChunkPushByteMode (node:internal/streams/readable:512:3)
2025-08-22 20:24:42 -07:00:     at Readable.push (node:internal/streams/readable:392:5) {
2025-08-22 20:24:42 -07:00:   code: 'EAUTH',
2025-08-22 20:24:42 -07:00:   response: '535-5.7.8 Username and Password not accepted. For more information, go to\n' +
2025-08-22 20:24:42 -07:00:     '535 5.7.8  https://support.google.com/mail/?p=BadCredentials 98e67ed59e1d1-3254aa72b49sm1177094a91.30 - gsmtp',
2025-08-22 20:24:42 -07:00:   responseCode: 535,
2025-08-22 20:24:42 -07:00:   command: 'AUTH PLAIN'
2025-08-22 20:24:42 -07:00: }
2025-08-22 20:24:42 -07:00: ::1 - - [23/Aug/2025:03:24:42 +0000] "POST /api/v1/auth/register HTTP/1.1" 201 762 "-" "curl/8.7.1"
2025-08-22 20:25:35 -07:00: 🚀 Server running on port 3000
2025-08-22 20:25:35 -07:00: 📱 Environment: development
2025-08-22 20:25:35 -07:00: 🔗 API Version: v1
2025-08-22 20:25:35 -07:00: 🏛️ Currently restricted to: California Polytechnic State University, San Luis Obispo
2025-08-22 20:25:35 -07:00: 🔧 Multi-university architecture ready for future expansion
2025-08-22 20:25:35 -07:00: ✅ Connected to Redis
2025-08-22 20:25:35 -07:00: ✅ Redis client ready
2025-08-22 20:25:35 -07:00: ✅ Redis connection test successful
2025-08-22 20:25:35 -07:00: ✅ Connected to PostgreSQL database
2025-08-22 20:25:35 -07:00: ✅ Database tables created successfully
2025-08-22 20:25:42 -07:00: ::1 - - [23/Aug/2025:03:25:42 +0000] "POST /api/v1/auth/register HTTP/1.1" 400 183 "-" "curl/8.7.1"
2025-08-22 20:25:49 -07:00: ::1 - - [23/Aug/2025:03:25:49 +0000] "POST /api/v1/auth/register HTTP/1.1" 400 183 "-" "curl/8.7.1"
2025-08-22 20:25:57 -07:00: ❌ Failed to send verification code email: Error: Invalid login: 535-5.7.8 Username and Password not accepted. For more information, go to
2025-08-22 20:25:57 -07:00: 535 5.7.8  https://support.google.com/mail/?p=BadCredentials d9443c01a7336-2466889a088sm9828945ad.134 - gsmtp
2025-08-22 20:25:57 -07:00:     at SMTPConnection._formatError (/Users/liammckeown/Desktop/CampusConnect/backend/node_modules/nodemailer/lib/smtp-connection/index.js:809:19)
2025-08-22 20:25:57 -07:00:     at SMTPConnection._actionAUTHComplete (/Users/liammckeown/Desktop/CampusConnect/backend/node_modules/nodemailer/lib/smtp-connection/index.js:1588:34)
2025-08-22 20:25:57 -07:00:     at SMTPConnection.<anonymous> (/Users/liammckeown/Desktop/CampusConnect/backend/node_modules/nodemailer/lib/smtp-connection/index.js:556:26)
2025-08-22 20:25:57 -07:00:     at SMTPConnection._processResponse (/Users/liammckeown/Desktop/CampusConnect/backend/node_modules/nodemailer/lib/smtp-connection/index.js:993:20)
2025-08-22 20:25:57 -07:00:     at SMTPConnection._onData (/Users/liammckeown/Desktop/CampusConnect/backend/node_modules/nodemailer/lib/smtp-connection/index.js:774:14)
2025-08-22 20:25:57 -07:00:     at SMTPConnection._onSocketData (/Users/liammckeown/Desktop/CampusConnect/backend/node_modules/nodemailer/lib/smtp-connection/index.js:195:44)
2025-08-22 20:25:57 -07:00:     at TLSSocket.emit (node:events:518:28)
2025-08-22 20:25:57 -07:00:     at addChunk (node:internal/streams/readable:561:12)
2025-08-22 20:25:57 -07:00:     at readableAddChunkPushByteMode (node:internal/streams/readable:512:3)
2025-08-22 20:25:57 -07:00:     at Readable.push (node:internal/streams/readable:392:5) {
2025-08-22 20:25:57 -07:00:   code: 'EAUTH',
2025-08-22 20:25:57 -07:00:   response: '535-5.7.8 Username and Password not accepted. For more information, go to\n' +
2025-08-22 20:25:57 -07:00:     '535 5.7.8  https://support.google.com/mail/?p=BadCredentials d9443c01a7336-2466889a088sm9828945ad.134 - gsmtp',
2025-08-22 20:25:57 -07:00:   responseCode: 535,
2025-08-22 20:25:57 -07:00:   command: 'AUTH PLAIN'
2025-08-22 20:25:57 -07:00: }
2025-08-22 20:25:57 -07:00: ::1 - - [23/Aug/2025:03:25:57 +0000] "POST /api/v1/auth/register HTTP/1.1" 201 770 "-" "curl/8.7.1"
2025-08-22 20:26:01 -07:00: ::1 - - [23/Aug/2025:03:26:01 +0000] "POST /api/v1/auth/login HTTP/1.1" 400 183 "-" "curl/8.7.1"
2025-08-22 20:26:06 -07:00: ::1 - - [23/Aug/2025:03:26:06 +0000] "POST /api/v1/auth/resend-code HTTP/1.1" 400 183 "-" "curl/8.7.1"
2025-08-22 20:30:18 -07:00: 🚀 Server running on port 3000
2025-08-22 20:30:18 -07:00: 📱 Environment: development
2025-08-22 20:30:18 -07:00: 🔗 API Version: v1
2025-08-22 20:30:18 -07:00: 🏛️ Currently restricted to: California Polytechnic State University, San Luis Obispo
2025-08-22 20:30:18 -07:00: 🔧 Multi-university architecture ready for future expansion
2025-08-22 20:30:18 -07:00: ✅ Connected to Redis
2025-08-22 20:30:18 -07:00: ✅ Redis client ready
2025-08-22 20:30:18 -07:00: ✅ Redis connection test successful
2025-08-22 20:30:18 -07:00: ✅ Connected to PostgreSQL database
2025-08-22 20:30:18 -07:00: ✅ Database tables created successfully
2025-08-22 20:30:22 -07:00: ::1 - - [23/Aug/2025:03:30:22 +0000] "POST /api/v1/auth/register HTTP/1.1" 400 161 "-" "curl/8.7.1"
2025-08-22 20:30:27 -07:00: ::1 - - [23/Aug/2025:03:30:27 +0000] "POST /api/v1/auth/register HTTP/1.1" 400 382 "-" "curl/8.7.1"
2025-08-22 20:30:34 -07:00: ::1 - - [23/Aug/2025:03:30:34 +0000] "POST /api/v1/auth/register HTTP/1.1" 400 382 "-" "curl/8.7.1"
2025-08-22 20:30:39 -07:00: ❌ Failed to send verification code email: Error: Invalid login: 535-5.7.8 Username and Password not accepted. For more information, go to
2025-08-22 20:30:39 -07:00: 535 5.7.8  https://support.google.com/mail/?p=BadCredentials d2e1a72fcca58-7703f876a63sm1337607b3a.0 - gsmtp
2025-08-22 20:30:39 -07:00:     at SMTPConnection._formatError (/Users/liammckeown/Desktop/CampusConnect/backend/node_modules/nodemailer/lib/smtp-connection/index.js:809:19)
2025-08-22 20:30:39 -07:00:     at SMTPConnection._actionAUTHComplete (/Users/liammckeown/Desktop/CampusConnect/backend/node_modules/nodemailer/lib/smtp-connection/index.js:1588:34)
2025-08-22 20:30:39 -07:00:     at SMTPConnection.<anonymous> (/Users/liammckeown/Desktop/CampusConnect/backend/node_modules/nodemailer/lib/smtp-connection/index.js:556:26)
2025-08-22 20:30:39 -07:00:     at SMTPConnection._processResponse (/Users/liammckeown/Desktop/CampusConnect/backend/node_modules/nodemailer/lib/smtp-connection/index.js:993:20)
2025-08-22 20:30:39 -07:00:     at SMTPConnection._onData (/Users/liammckeown/Desktop/CampusConnect/backend/node_modules/nodemailer/lib/smtp-connection/index.js:774:14)
2025-08-22 20:30:39 -07:00:     at SMTPConnection._onSocketData (/Users/liammckeown/Desktop/CampusConnect/backend/node_modules/nodemailer/lib/smtp-connection/index.js:195:44)
2025-08-22 20:30:39 -07:00:     at TLSSocket.emit (node:events:518:28)
2025-08-22 20:30:39 -07:00:     at addChunk (node:internal/streams/readable:561:12)
2025-08-22 20:30:39 -07:00:     at readableAddChunkPushByteMode (node:internal/streams/readable:512:3)
2025-08-22 20:30:39 -07:00:     at Readable.push (node:internal/streams/readable:392:5) {
2025-08-22 20:30:39 -07:00:   code: 'EAUTH',
2025-08-22 20:30:39 -07:00:   response: '535-5.7.8 Username and Password not accepted. For more information, go to\n' +
2025-08-22 20:30:39 -07:00:     '535 5.7.8  https://support.google.com/mail/?p=BadCredentials d2e1a72fcca58-7703f876a63sm1337607b3a.0 - gsmtp',
2025-08-22 20:30:39 -07:00:   responseCode: 535,
2025-08-22 20:30:39 -07:00:   command: 'AUTH PLAIN'
2025-08-22 20:30:39 -07:00: }
2025-08-22 20:30:39 -07:00: ::1 - - [23/Aug/2025:03:30:39 +0000] "POST /api/v1/auth/register HTTP/1.1" 201 770 "-" "curl/8.7.1"
2025-08-22 20:30:43 -07:00: ::1 - - [23/Aug/2025:03:30:43 +0000] "POST /api/v1/auth/login HTTP/1.1" 400 161 "-" "curl/8.7.1"
2025-08-22 20:30:47 -07:00: ::1 - - [23/Aug/2025:03:30:47 +0000] "POST /api/v1/auth/login HTTP/1.1" 400 382 "-" "curl/8.7.1"
2025-08-22 20:34:11 -07:00: ✅ Connected to PostgreSQL database
2025-08-22 20:34:11 -07:00: ::1 - - [23/Aug/2025:03:34:11 +0000] "POST /api/v1/auth/register HTTP/1.1" 400 377 "-" "curl/8.7.1"
2025-08-22 20:34:17 -07:00: ::1 - - [23/Aug/2025:03:34:17 +0000] "POST /api/v1/auth/register HTTP/1.1" 400 381 "-" "curl/8.7.1"
2025-08-22 20:34:22 -07:00: ::1 - - [23/Aug/2025:03:34:22 +0000] "POST /api/v1/auth/register HTTP/1.1" 400 378 "-" "curl/8.7.1"
2025-08-22 20:34:27 -07:00: ::1 - - [23/Aug/2025:03:34:27 +0000] "POST /api/v1/auth/register HTTP/1.1" 400 377 "-" "curl/8.7.1"
2025-08-22 20:34:32 -07:00: ::1 - - [23/Aug/2025:03:34:32 +0000] "POST /api/v1/auth/register HTTP/1.1" 400 377 "-" "curl/8.7.1"
2025-08-22 21:17:01 -07:00: ⏰ Scheduling recurring post processing for 6:00 AM daily...
2025-08-22 21:17:01 -07:00: ✅ Recurring post processing scheduled successfully
2025-08-22 21:17:01 -07:00: 🧪 Development mode: Scheduling hourly recurring post processing...
2025-08-22 21:17:01 -07:00: ✅ Hourly processing scheduled for development
2025-08-22 21:17:01 -07:00: 🎯 All cron jobs initialized successfully
2025-08-22 21:17:01 -07:00: 🚀 Server running on port 3000
2025-08-22 21:17:01 -07:00: 📱 Environment: development
2025-08-22 21:17:01 -07:00: 🔗 API Version: v1
2025-08-22 21:17:01 -07:00: 🏛️ Currently restricted to: California Polytechnic State University, San Luis Obispo
2025-08-22 21:17:01 -07:00: 🔧 Multi-university architecture ready for future expansion
2025-08-22 21:17:01 -07:00: ✅ Connected to Redis
2025-08-22 21:17:01 -07:00: ✅ Redis client ready
2025-08-22 21:17:01 -07:00: ✅ Redis connection test successful
2025-08-22 21:17:01 -07:00: ✅ Connected to PostgreSQL database
2025-08-22 21:17:01 -07:00: ✅ Database tables created successfully
2025-08-22 21:17:06 -07:00: ::1 - - [23/Aug/2025:04:17:06 +0000] "POST /api/v1/auth/login HTTP/1.1" 401 161 "-" "curl/8.7.1"
2025-08-22 21:17:09 -07:00: ::1 - - [23/Aug/2025:04:17:09 +0000] "POST /api/v1/auth/login HTTP/1.1" 401 161 "-" "curl/8.7.1"
2025-08-22 21:17:22 -07:00: ::1 - - [23/Aug/2025:04:17:22 +0000] "POST /api/v1/auth/verify-code HTTP/1.1" 400 96 "-" "curl/8.7.1"
2025-08-22 21:17:28 -07:00: ❌ Failed to send verification code email: Error: Invalid login: 535-5.7.8 Username and Password not accepted. For more information, go to
2025-08-22 21:17:28 -07:00: 535 5.7.8  https://support.google.com/mail/?p=BadCredentials 98e67ed59e1d1-3254ae8ae9csm1118474a91.11 - gsmtp
2025-08-22 21:17:28 -07:00:     at SMTPConnection._formatError (/Users/liammckeown/Desktop/CampusConnect/backend/node_modules/nodemailer/lib/smtp-connection/index.js:809:19)
2025-08-22 21:17:28 -07:00:     at SMTPConnection._actionAUTHComplete (/Users/liammckeown/Desktop/CampusConnect/backend/node_modules/nodemailer/lib/smtp-connection/index.js:1588:34)
2025-08-22 21:17:28 -07:00:     at SMTPConnection.<anonymous> (/Users/liammckeown/Desktop/CampusConnect/backend/node_modules/nodemailer/lib/smtp-connection/index.js:556:26)
2025-08-22 21:17:28 -07:00:     at SMTPConnection._processResponse (/Users/liammckeown/Desktop/CampusConnect/backend/node_modules/nodemailer/lib/smtp-connection/index.js:993:20)
2025-08-22 21:17:28 -07:00:     at SMTPConnection._onData (/Users/liammckeown/Desktop/CampusConnect/backend/node_modules/nodemailer/lib/smtp-connection/index.js:774:14)
2025-08-22 21:17:28 -07:00:     at SMTPConnection._onSocketData (/Users/liammckeown/Desktop/CampusConnect/backend/node_modules/nodemailer/lib/smtp-connection/index.js:195:44)
2025-08-22 21:17:28 -07:00:     at TLSSocket.emit (node:events:518:28)
2025-08-22 21:17:28 -07:00:     at addChunk (node:internal/streams/readable:561:12)
2025-08-22 21:17:28 -07:00:     at readableAddChunkPushByteMode (node:internal/streams/readable:512:3)
2025-08-22 21:17:28 -07:00:     at Readable.push (node:internal/streams/readable:392:5) {
2025-08-22 21:17:28 -07:00:   code: 'EAUTH',
2025-08-22 21:17:28 -07:00:   response: '535-5.7.8 Username and Password not accepted. For more information, go to\n' +
2025-08-22 21:17:28 -07:00:     '535 5.7.8  https://support.google.com/mail/?p=BadCredentials 98e67ed59e1d1-3254ae8ae9csm1118474a91.11 - gsmtp',
2025-08-22 21:17:28 -07:00:   responseCode: 535,
2025-08-22 21:17:28 -07:00:   command: 'AUTH PLAIN'
2025-08-22 21:17:28 -07:00: }
2025-08-22 21:17:28 -07:00: ::1 - - [23/Aug/2025:04:17:28 +0000] "POST /api/v1/auth/resend-code HTTP/1.1" 200 132 "-" "curl/8.7.1"
2025-08-22 21:17:36 -07:00: ::1 - - [23/Aug/2025:04:17:36 +0000] "POST /api/v1/auth/verify-code HTTP/1.1" 200 147 "-" "curl/8.7.1"
2025-08-22 21:17:42 -07:00: ::1 - - [23/Aug/2025:04:17:42 +0000] "POST /api/v1/auth/login HTTP/1.1" 200 823 "-" "curl/8.7.1"
2025-08-22 21:17:47 -07:00: ✅ Connected to PostgreSQL database
2025-08-22 21:17:47 -07:00: ::1 - - [23/Aug/2025:04:17:47 +0000] "POST /api/v1/posts HTTP/1.1" 201 679 "-" "curl/8.7.1"
2025-08-22 21:17:57 -07:00: 🔧 Manually triggering recurring post processing...
2025-08-22 21:17:57 -07:00: 🔄 Processing recurring posts...
2025-08-22 21:17:57 -07:00: Error getting posts to repost: error: column p.start_date does not exist
2025-08-22 21:17:57 -07:00:     at /Users/liammckeown/Desktop/CampusConnect/backend/node_modules/pg-pool/index.js:45:11
2025-08-22 21:17:57 -07:00:     at process.processTicksAndRejections (node:internal/process/task_queues:105:5)
2025-08-22 21:17:57 -07:00:     at async getPostsToRepost (/Users/liammckeown/Desktop/CampusConnect/backend/src/services/recurringPostService.js:45:20)
2025-08-22 21:17:57 -07:00:     at async processRecurringPosts (/Users/liammckeown/Desktop/CampusConnect/backend/src/services/recurringPostService.js:126:27)
2025-08-22 21:17:57 -07:00:     at async triggerRecurringPostProcessing (/Users/liammckeown/Desktop/CampusConnect/backend/src/services/cronService.js:74:20)
2025-08-22 21:17:57 -07:00:     at async /Users/liammckeown/Desktop/CampusConnect/backend/src/server.js:101:22 {
2025-08-22 21:17:57 -07:00:   length: 111,
2025-08-22 21:17:57 -07:00:   severity: 'ERROR',
2025-08-22 21:17:57 -07:00:   code: '42703',
2025-08-22 21:17:57 -07:00:   detail: undefined,
2025-08-22 21:17:57 -07:00:   hint: undefined,
2025-08-22 21:17:57 -07:00:   position: '143',
2025-08-22 21:17:57 -07:00:   internalPosition: undefined,
2025-08-22 21:17:57 -07:00:   internalQuery: undefined,
2025-08-22 21:17:57 -07:00:   where: undefined,
2025-08-22 21:17:57 -07:00:   schema: undefined,
2025-08-22 21:17:57 -07:00:   table: undefined,
2025-08-22 21:17:57 -07:00:   column: undefined,
2025-08-22 21:17:57 -07:00:   dataType: undefined,
2025-08-22 21:17:57 -07:00:   constraint: undefined,
2025-08-22 21:17:57 -07:00:   file: 'parse_relation.c',
2025-08-22 21:17:57 -07:00:   line: '3657',
2025-08-22 21:17:57 -07:00:   routine: 'errorMissingColumn'
2025-08-22 21:17:57 -07:00: }
2025-08-22 21:17:57 -07:00: ❌ Error processing recurring posts: error: column p.start_date does not exist
2025-08-22 21:17:57 -07:00:     at /Users/liammckeown/Desktop/CampusConnect/backend/node_modules/pg-pool/index.js:45:11
2025-08-22 21:17:57 -07:00:     at process.processTicksAndRejections (node:internal/process/task_queues:105:5)
2025-08-22 21:17:57 -07:00:     at async getPostsToRepost (/Users/liammckeown/Desktop/CampusConnect/backend/src/services/recurringPostService.js:45:20)
2025-08-22 21:17:57 -07:00:     at async processRecurringPosts (/Users/liammckeown/Desktop/CampusConnect/backend/src/services/recurringPostService.js:126:27)
2025-08-22 21:17:57 -07:00:     at async triggerRecurringPostProcessing (/Users/liammckeown/Desktop/CampusConnect/backend/src/services/cronService.js:74:20)
2025-08-22 21:17:57 -07:00:     at async /Users/liammckeown/Desktop/CampusConnect/backend/src/server.js:101:22 {
2025-08-22 21:17:57 -07:00:   length: 111,
2025-08-22 21:17:57 -07:00:   severity: 'ERROR',
2025-08-22 21:17:57 -07:00:   code: '42703',
2025-08-22 21:17:57 -07:00:   detail: undefined,
2025-08-22 21:17:57 -07:00:   hint: undefined,
2025-08-22 21:17:57 -07:00:   position: '143',
2025-08-22 21:17:57 -07:00:   internalPosition: undefined,
2025-08-22 21:17:57 -07:00:   internalQuery: undefined,
2025-08-22 21:17:57 -07:00:   where: undefined,
2025-08-22 21:17:57 -07:00:   schema: undefined,
2025-08-22 21:17:57 -07:00:   table: undefined,
2025-08-22 21:17:57 -07:00:   column: undefined,
2025-08-22 21:17:57 -07:00:   dataType: undefined,
2025-08-22 21:17:57 -07:00:   constraint: undefined,
2025-08-22 21:17:57 -07:00:   file: 'parse_relation.c',
2025-08-22 21:17:57 -07:00:   line: '3657',
2025-08-22 21:17:57 -07:00:   routine: 'errorMissingColumn'
2025-08-22 21:17:57 -07:00: }
2025-08-22 21:17:57 -07:00: ❌ Manual processing failed: error: column p.start_date does not exist
2025-08-22 21:17:57 -07:00:     at /Users/liammckeown/Desktop/CampusConnect/backend/node_modules/pg-pool/index.js:45:11
2025-08-22 21:17:57 -07:00:     at process.processTicksAndRejections (node:internal/process/task_queues:105:5)
2025-08-22 21:17:57 -07:00:     at async getPostsToRepost (/Users/liammckeown/Desktop/CampusConnect/backend/src/services/recurringPostService.js:45:20)
2025-08-22 21:17:57 -07:00:     at async processRecurringPosts (/Users/liammckeown/Desktop/CampusConnect/backend/src/services/recurringPostService.js:126:27)
2025-08-22 21:17:57 -07:00:     at async triggerRecurringPostProcessing (/Users/liammckeown/Desktop/CampusConnect/backend/src/services/cronService.js:74:20)
2025-08-22 21:17:57 -07:00:     at async /Users/liammckeown/Desktop/CampusConnect/backend/src/server.js:101:22 {
2025-08-22 21:17:57 -07:00:   length: 111,
2025-08-22 21:17:57 -07:00:   severity: 'ERROR',
2025-08-22 21:17:57 -07:00:   code: '42703',
2025-08-22 21:17:57 -07:00:   detail: undefined,
2025-08-22 21:17:57 -07:00:   hint: undefined,
2025-08-22 21:17:57 -07:00:   position: '143',
2025-08-22 21:17:57 -07:00:   internalPosition: undefined,
2025-08-22 21:17:57 -07:00:   internalQuery: undefined,
2025-08-22 21:17:57 -07:00:   where: undefined,
2025-08-22 21:17:57 -07:00:   schema: undefined,
2025-08-22 21:17:57 -07:00:   table: undefined,
2025-08-22 21:17:57 -07:00:   column: undefined,
2025-08-22 21:17:57 -07:00:   dataType: undefined,
2025-08-22 21:17:57 -07:00:   constraint: undefined,
2025-08-22 21:17:57 -07:00:   file: 'parse_relation.c',
2025-08-22 21:17:57 -07:00:   line: '3657',
2025-08-22 21:17:57 -07:00:   routine: 'errorMissingColumn'
2025-08-22 21:17:57 -07:00: }
2025-08-22 21:17:57 -07:00: ::1 - - [23/Aug/2025:04:17:57 +0000] "POST /trigger-recurring-posts HTTP/1.1" 500 130 "-" "curl/8.7.1"
2025-08-22 21:18:45 -07:00: ⏰ Scheduling recurring post processing for 6:00 AM daily...
2025-08-22 21:18:45 -07:00: ✅ Recurring post processing scheduled successfully
2025-08-22 21:18:45 -07:00: 🧪 Development mode: Scheduling hourly recurring post processing...
2025-08-22 21:18:45 -07:00: ✅ Hourly processing scheduled for development
2025-08-22 21:18:45 -07:00: 🎯 All cron jobs initialized successfully
2025-08-22 21:18:45 -07:00: 🚀 Server running on port 3000
2025-08-22 21:18:45 -07:00: 📱 Environment: development
2025-08-22 21:18:45 -07:00: 🔗 API Version: v1
2025-08-22 21:18:45 -07:00: 🏛️ Currently restricted to: California Polytechnic State University, San Luis Obispo
2025-08-22 21:18:45 -07:00: 🔧 Multi-university architecture ready for future expansion
2025-08-22 21:18:45 -07:00: ✅ Connected to Redis
2025-08-22 21:18:45 -07:00: ✅ Redis client ready
2025-08-22 21:18:45 -07:00: ✅ Redis connection test successful
2025-08-22 21:18:45 -07:00: ✅ Connected to PostgreSQL database
2025-08-22 21:18:45 -07:00: ✅ Database tables created successfully
2025-08-22 21:18:49 -07:00: 🔧 Manually triggering recurring post processing...
2025-08-22 21:18:49 -07:00: 🔄 Processing recurring posts...
2025-08-22 21:18:49 -07:00: 📝 Found 1 recurring posts to repost
2025-08-22 21:18:49 -07:00: ✅ Reposted recurring post ID 3 -> New post ID 4
2025-08-22 21:18:49 -07:00: ✅ Successfully reposted 1/1 recurring posts
2025-08-22 21:18:49 -07:00: ✅ Manual processing completed: 1/1 posts reposted
2025-08-22 21:18:49 -07:00: ::1 - - [23/Aug/2025:04:18:49 +0000] "POST /trigger-recurring-posts HTTP/1.1" 200 121 "-" "curl/8.7.1"
2025-08-22 21:19:01 -07:00: ::1 - - [23/Aug/2025:04:19:01 +0000] "GET /api/v1/posts/3/repost-history HTTP/1.1" 400 123 "-" "curl/8.7.1"
2025-08-22 21:19:25 -07:00: ⏰ Scheduling recurring post processing for 6:00 AM daily...
2025-08-22 21:19:25 -07:00: ✅ Recurring post processing scheduled successfully
2025-08-22 21:19:25 -07:00: 🧪 Development mode: Scheduling hourly recurring post processing...
2025-08-22 21:19:25 -07:00: ✅ Hourly processing scheduled for development
2025-08-22 21:19:25 -07:00: 🎯 All cron jobs initialized successfully
2025-08-22 21:19:25 -07:00: 🚀 Server running on port 3000
2025-08-22 21:19:25 -07:00: 📱 Environment: development
2025-08-22 21:19:25 -07:00: 🔗 API Version: v1
2025-08-22 21:19:25 -07:00: 🏛️ Currently restricted to: California Polytechnic State University, San Luis Obispo
2025-08-22 21:19:25 -07:00: 🔧 Multi-university architecture ready for future expansion
2025-08-22 21:19:25 -07:00: ✅ Connected to Redis
2025-08-22 21:19:25 -07:00: ✅ Redis client ready
2025-08-22 21:19:25 -07:00: ✅ Redis connection test successful
2025-08-22 21:19:25 -07:00: ✅ Connected to PostgreSQL database
2025-08-22 21:19:25 -07:00: ✅ Database tables created successfully
2025-08-22 21:19:30 -07:00: ::1 - - [23/Aug/2025:04:19:30 +0000] "GET /api/v1/posts/3/repost-history HTTP/1.1" 200 243 "-" "curl/8.7.1"
2025-08-22 21:37:39 -07:00: ⏰ Scheduling recurring post processing for 6:00 AM daily...
2025-08-22 21:37:39 -07:00: ✅ Recurring post processing scheduled successfully
2025-08-22 21:37:39 -07:00: 🧪 Development mode: Scheduling hourly recurring post processing...
2025-08-22 21:37:39 -07:00: ✅ Hourly processing scheduled for development
2025-08-22 21:37:39 -07:00: 🎯 All cron jobs initialized successfully
2025-08-22 21:37:39 -07:00: 🚀 Server running on port 3000
2025-08-22 21:37:39 -07:00: 📱 Environment: development
2025-08-22 21:37:39 -07:00: 🔗 API Version: v1
2025-08-22 21:37:39 -07:00: 🏛️ Currently restricted to: California Polytechnic State University, San Luis Obispo
2025-08-22 21:37:39 -07:00: 🔧 Multi-university architecture ready for future expansion
2025-08-22 21:37:39 -07:00: ✅ Connected to Redis
2025-08-22 21:37:39 -07:00: ✅ Redis client ready
2025-08-22 21:37:39 -07:00: ✅ Redis connection test successful
2025-08-22 21:37:39 -07:00: ✅ Connected to PostgreSQL database
2025-08-22 21:37:39 -07:00: ✅ Database tables created successfully
2025-08-22 21:37:55 -07:00: ::1 - - [23/Aug/2025:04:37:55 +0000] "GET /api/v1/posts/organized HTTP/1.1" 200 2884 "-" "curl/8.7.1"
2025-08-22 21:38:01 -07:00: ::1 - - [23/Aug/2025:04:38:01 +0000] "GET /api/v1/posts?sortBy=organized&limit=5 HTTP/1.1" 200 2815 "-" "curl/8.7.1"
2025-08-22 21:38:08 -07:00: ✅ Connected to PostgreSQL database
2025-08-22 21:38:08 -07:00: ::1 - - [23/Aug/2025:04:38:08 +0000] "POST /api/v1/posts HTTP/1.1" 201 667 "-" "curl/8.7.1"
2025-08-22 21:38:15 -07:00: ::1 - - [23/Aug/2025:04:38:15 +0000] "POST /api/v1/posts HTTP/1.1" 201 714 "-" "curl/8.7.1"
2025-08-22 21:38:20 -07:00: ::1 - - [23/Aug/2025:04:38:20 +0000] "GET /api/v1/posts/organized?limit=10 HTTP/1.1" 200 4368 "-" "curl/8.7.1"
2025-08-22 23:12:53 -07:00: [2025-08-23T06:12:53.206Z] [PID: 52131] [32m[NODE-CRON][32m [33m[WARN][0m missed execution at Fri Aug 22 2025 23:00:00 GMT-0700 (Pacific Daylight Time)! Possible blocking IO or high CPU user at the same process used by node-cron.
2025-08-22 23:49:21 -07:00: ⏰ Scheduling recurring post processing for 6:00 AM daily...
2025-08-22 23:49:21 -07:00: ✅ Recurring post processing scheduled successfully
2025-08-22 23:49:21 -07:00: 🧪 Development mode: Scheduling hourly recurring post processing...
2025-08-22 23:49:21 -07:00: ✅ Hourly processing scheduled for development
2025-08-22 23:49:21 -07:00: 🎯 All cron jobs initialized successfully
2025-08-22 23:49:21 -07:00: 🚀 Server running on port 3000
2025-08-22 23:49:21 -07:00: 📱 Environment: development
2025-08-22 23:49:21 -07:00: 🔗 API Version: v1
2025-08-22 23:49:21 -07:00: 🏛️ Currently restricted to: California Polytechnic State University, San Luis Obispo
2025-08-22 23:49:21 -07:00: 🔧 Multi-university architecture ready for future expansion
2025-08-22 23:49:21 -07:00: ✅ Connected to Redis
2025-08-22 23:49:21 -07:00: ✅ Redis client ready
2025-08-22 23:49:21 -07:00: ✅ Redis connection test successful
2025-08-22 23:49:21 -07:00: ✅ Connected to PostgreSQL database
2025-08-22 23:49:21 -07:00: ✅ Database tables created successfully
2025-08-22 23:49:29 -07:00: ::1 - - [23/Aug/2025:06:49:29 +0000] "GET /api/v1/posts/organized?limit=10 HTTP/1.1" 200 4944 "-" "curl/8.7.1"
2025-08-22 23:49:40 -07:00: ✅ Updated engagement for post 5: score 2.50
2025-08-22 23:49:40 -07:00: ✅ Recorded bookmark interaction for post 5 by user 10
2025-08-22 23:49:40 -07:00: ::1 - - [23/Aug/2025:06:49:40 +0000] "POST /api/v1/posts/5/interact HTTP/1.1" 200 122 "-" "curl/8.7.1"
2025-08-22 23:49:51 -07:00: ✅ Updated engagement for post 5: score 4.00
2025-08-22 23:49:51 -07:00: ✅ Recorded share interaction for post 5 by user 10
2025-08-22 23:49:51 -07:00: ::1 - - [23/Aug/2025:06:49:51 +0000] "POST /api/v1/posts/5/interact HTTP/1.1" 200 116 "-" "curl/8.7.1"
2025-08-22 23:50:01 -07:00: ✅ Updated engagement for post 5: score 7.00
2025-08-22 23:50:01 -07:00: ✅ Recorded message interaction for post 5 by user 10
2025-08-22 23:50:01 -07:00: ::1 - - [23/Aug/2025:06:50:01 +0000] "POST /api/v1/posts/5/interact HTTP/1.1" 200 120 "-" "curl/8.7.1"
2025-08-22 23:50:07 -07:00: ::1 - - [23/Aug/2025:06:50:07 +0000] "GET /api/v1/posts/5/engagement HTTP/1.1" 200 143 "-" "curl/8.7.1"
2025-08-22 23:50:17 -07:00: ::1 - - [23/Aug/2025:06:50:17 +0000] "GET /api/v1/posts/organized?limit=10 HTTP/1.1" 200 4944 "-" "curl/8.7.1"
2025-08-23 00:00:00 -07:00: 🕐 Hourly recurring post processing (development mode)...
2025-08-23 00:00:00 -07:00: 🔄 Processing recurring posts...
2025-08-23 00:00:00 -07:00: ✅ Connected to PostgreSQL database
2025-08-23 00:00:00 -07:00: 📝 Found 2 recurring posts to repost
2025-08-23 00:00:00 -07:00: ✅ Reposted recurring post ID 4 -> New post ID 7
2025-08-23 00:00:00 -07:00: ✅ Reposted recurring post ID 3 -> New post ID 8
2025-08-23 00:00:00 -07:00: ✅ Successfully reposted 2/2 recurring posts
2025-08-23 00:00:00 -07:00: ✅ Hourly processing completed: 2/2 posts reposted
2025-08-23 00:00:34 -07:00: ⏰ Scheduling recurring post processing for 6:00 AM daily...
2025-08-23 00:00:34 -07:00: ✅ Recurring post processing scheduled successfully
2025-08-23 00:00:34 -07:00: 🧪 Development mode: Scheduling hourly recurring post processing...
2025-08-23 00:00:34 -07:00: ✅ Hourly processing scheduled for development
2025-08-23 00:00:34 -07:00: 🎯 All cron jobs initialized successfully
2025-08-23 00:00:34 -07:00: 🚀 Server running on port 3000
2025-08-23 00:00:34 -07:00: 📱 Environment: development
2025-08-23 00:00:34 -07:00: 🔗 API Version: v1
2025-08-23 00:00:34 -07:00: 🏛️ Currently restricted to: California Polytechnic State University, San Luis Obispo
2025-08-23 00:00:34 -07:00: 🔧 Multi-university architecture ready for future expansion
2025-08-23 00:00:34 -07:00: ✅ Connected to Redis
2025-08-23 00:00:34 -07:00: ✅ Redis client ready
2025-08-23 00:00:34 -07:00: ✅ Redis connection test successful
2025-08-23 00:00:34 -07:00: ✅ Connected to PostgreSQL database
2025-08-23 00:00:34 -07:00: ✅ Database tables created successfully
2025-08-23 00:00:41 -07:00: ::1 - - [23/Aug/2025:07:00:41 +0000] "GET /api/v1/posts/smart-feed?limit=5 HTTP/1.1" 400 123 "-" "curl/8.7.1"
2025-08-23 00:00:48 -07:00: ::1 - - [23/Aug/2025:07:00:48 +0000] "GET /api/v1/posts/smart-feed?limit=5 HTTP/1.1" 400 123 "-" "curl/8.7.1"
2025-08-23 00:01:04 -07:00: ❌ 404 Not Found: POST /api/v1/posts/trigger-recurring-posts from ::1
2025-08-23 00:01:04 -07:00: ❌ Error: {
2025-08-23 00:01:04 -07:00:   message: 'Route not found - /api/v1/posts/trigger-recurring-posts',
2025-08-23 00:01:04 -07:00:   stack: 'Error: Route not found - /api/v1/posts/trigger-recurring-posts\n' +
2025-08-23 00:01:04 -07:00:     '    at notFound (/Users/liammckeown/Desktop/CampusConnect/backend/src/middleware/notFound.js:2:17)\n' +
2025-08-23 00:01:04 -07:00:     '    at Layer.handle [as handle_request] (/Users/liammckeown/Desktop/CampusConnect/backend/node_modules/express/lib/router/layer.js:95:5)\n' +
2025-08-23 00:01:04 -07:00:     '    at trim_prefix (/Users/liammckeown/Desktop/CampusConnect/backend/node_modules/express/lib/router/index.js:328:13)\n' +
2025-08-23 00:01:04 -07:00:     '    at /Users/liammckeown/Desktop/CampusConnect/backend/node_modules/express/lib/router/index.js:286:9\n' +
2025-08-23 00:01:04 -07:00:     '    at Function.process_params (/Users/liammckeown/Desktop/CampusConnect/backend/node_modules/express/lib/router/index.js:346:12)\n' +
2025-08-23 00:01:04 -07:00:     '    at next (/Users/liammckeown/Desktop/CampusConnect/backend/node_modules/express/lib/router/index.js:280:10)\n' +
2025-08-23 00:01:04 -07:00:     '    at /Users/liammckeown/Desktop/CampusConnect/backend/node_modules/express/lib/router/index.js:646:15\n' +
2025-08-23 00:01:04 -07:00:     '    at next (/Users/liammckeown/Desktop/CampusConnect/backend/node_modules/express/lib/router/index.js:265:14)\n' +
2025-08-23 00:01:04 -07:00:     '    at Function.handle (/Users/liammckeown/Desktop/CampusConnect/backend/node_modules/express/lib/router/index.js:175:3)\n' +
2025-08-23 00:01:04 -07:00:     '    at router (/Users/liammckeown/Desktop/CampusConnect/backend/node_modules/express/lib/router/index.js:47:12)',
2025-08-23 00:01:04 -07:00:   url: '/api/v1/posts/trigger-recurring-posts',
2025-08-23 00:01:04 -07:00:   method: 'POST',
2025-08-23 00:01:04 -07:00:   ip: '::1',
2025-08-23 00:01:04 -07:00:   userAgent: 'curl/8.7.1',
2025-08-23 00:01:04 -07:00:   timestamp: '2025-08-23T07:01:04.252Z'
2025-08-23 00:01:04 -07:00: }
2025-08-23 00:01:04 -07:00: ::1 - - [23/Aug/2025:07:01:04 +0000] "POST /api/v1/posts/trigger-recurring-posts HTTP/1.1" 404 1452 "-" "curl/8.7.1"
2025-08-23 00:01:59 -07:00: ::1 - - [23/Aug/2025:07:01:59 +0000] "GET /api/v1/posts/smart-feed?limit=5 HTTP/1.1" 400 123 "-" "curl/8.7.1"
2025-08-23 00:02:08 -07:00: ::1 - - [23/Aug/2025:07:02:08 +0000] "GET /api/v1/posts/smart-feed?limit=5 HTTP/1.1" 400 123 "-" "curl/8.7.1"
2025-08-23 00:02:23 -07:00: ⏰ Scheduling recurring post processing for 6:00 AM daily...
2025-08-23 00:02:23 -07:00: ✅ Recurring post processing scheduled successfully
2025-08-23 00:02:23 -07:00: 🧪 Development mode: Scheduling hourly recurring post processing...
2025-08-23 00:02:23 -07:00: ✅ Hourly processing scheduled for development
2025-08-23 00:02:23 -07:00: 🎯 All cron jobs initialized successfully
2025-08-23 00:02:23 -07:00: 🚀 Server running on port 3000
2025-08-23 00:02:23 -07:00: 📱 Environment: development
2025-08-23 00:02:23 -07:00: 🔗 API Version: v1
2025-08-23 00:02:23 -07:00: 🏛️ Currently restricted to: California Polytechnic State University, San Luis Obispo
2025-08-23 00:02:23 -07:00: 🔧 Multi-university architecture ready for future expansion
2025-08-23 00:02:23 -07:00: ✅ Connected to Redis
2025-08-23 00:02:23 -07:00: ✅ Redis client ready
2025-08-23 00:02:23 -07:00: ✅ Redis connection test successful
2025-08-23 00:02:23 -07:00: ✅ Connected to PostgreSQL database
2025-08-23 00:02:23 -07:00: ✅ Database tables created successfully
2025-08-23 00:02:30 -07:00: ::1 - - [23/Aug/2025:07:02:30 +0000] "GET /api/v1/posts/smart-feed?limit=5 HTTP/1.1" 400 123 "-" "curl/8.7.1"
2025-08-23 00:02:35 -07:00: ::1 - - [23/Aug/2025:07:02:35 +0000] "GET /api/v1/posts/smart-feed?limit=5 HTTP/1.1" 400 123 "-" "curl/8.7.1"
2025-08-23 00:03:02 -07:00: ⏰ Scheduling recurring post processing for 6:00 AM daily...
2025-08-23 00:03:02 -07:00: ✅ Recurring post processing scheduled successfully
2025-08-23 00:03:02 -07:00: 🧪 Development mode: Scheduling hourly recurring post processing...
2025-08-23 00:03:02 -07:00: ✅ Hourly processing scheduled for development
2025-08-23 00:03:02 -07:00: 🎯 All cron jobs initialized successfully
2025-08-23 00:03:02 -07:00: 🚀 Server running on port 3000
2025-08-23 00:03:02 -07:00: 📱 Environment: development
2025-08-23 00:03:02 -07:00: 🔗 API Version: v1
2025-08-23 00:03:02 -07:00: 🏛️ Currently restricted to: California Polytechnic State University, San Luis Obispo
2025-08-23 00:03:02 -07:00: 🔧 Multi-university architecture ready for future expansion
2025-08-23 00:03:02 -07:00: ✅ Connected to Redis
2025-08-23 00:03:02 -07:00: ✅ Redis client ready
2025-08-23 00:03:02 -07:00: ✅ Redis connection test successful
2025-08-23 00:03:02 -07:00: ✅ Connected to PostgreSQL database
2025-08-23 00:03:02 -07:00: ✅ Database tables created successfully
2025-08-23 00:03:11 -07:00: ::1 - - [23/Aug/2025:07:03:11 +0000] "GET /api/v1/posts/smart-feed?limit=5 HTTP/1.1" 400 123 "-" "curl/8.7.1"
2025-08-23 00:03:16 -07:00: ::1 - - [23/Aug/2025:07:03:16 +0000] "GET /api/v1/posts/smart-feed?limit=5 HTTP/1.1" 400 123 "-" "curl/8.7.1"
2025-08-23 00:04:10 -07:00: ⏰ Scheduling recurring post processing for 6:00 AM daily...
2025-08-23 00:04:10 -07:00: ✅ Recurring post processing scheduled successfully
2025-08-23 00:04:10 -07:00: 🧪 Development mode: Scheduling hourly recurring post processing...
2025-08-23 00:04:10 -07:00: ✅ Hourly processing scheduled for development
2025-08-23 00:04:10 -07:00: 🎯 All cron jobs initialized successfully
2025-08-23 00:04:10 -07:00: 🚀 Server running on port 3000
2025-08-23 00:04:10 -07:00: 📱 Environment: development
2025-08-23 00:04:10 -07:00: 🔗 API Version: v1
2025-08-23 00:04:10 -07:00: 🏛️ Currently restricted to: California Polytechnic State University, San Luis Obispo
2025-08-23 00:04:10 -07:00: 🔧 Multi-university architecture ready for future expansion
2025-08-23 00:04:10 -07:00: ✅ Connected to Redis
2025-08-23 00:04:10 -07:00: ✅ Redis client ready
2025-08-23 00:04:10 -07:00: ✅ Redis connection test successful
2025-08-23 00:04:10 -07:00: ✅ Connected to PostgreSQL database
2025-08-23 00:04:10 -07:00: ✅ Database tables created successfully
2025-08-23 00:04:18 -07:00: ::1 - - [23/Aug/2025:07:04:18 +0000] "GET /api/v1/posts/smart-feed?limit=5 HTTP/1.1" 400 123 "-" "curl/8.7.1"
2025-08-23 00:04:26 -07:00: ::1 - - [23/Aug/2025:07:04:26 +0000] "GET /api/v1/posts/smart-feed?limit=5 HTTP/1.1" 400 123 "-" "curl/8.7.1"
2025-08-23 00:04:49 -07:00: ⏰ Scheduling recurring post processing for 6:00 AM daily...
2025-08-23 00:04:49 -07:00: ✅ Recurring post processing scheduled successfully
2025-08-23 00:04:49 -07:00: 🧪 Development mode: Scheduling hourly recurring post processing...
2025-08-23 00:04:49 -07:00: ✅ Hourly processing scheduled for development
2025-08-23 00:04:49 -07:00: 🎯 All cron jobs initialized successfully
2025-08-23 00:04:49 -07:00: 🚀 Server running on port 3000
2025-08-23 00:04:49 -07:00: 📱 Environment: development
2025-08-23 00:04:49 -07:00: 🔗 API Version: v1
2025-08-23 00:04:49 -07:00: 🏛️ Currently restricted to: California Polytechnic State University, San Luis Obispo
2025-08-23 00:04:49 -07:00: 🔧 Multi-university architecture ready for future expansion
2025-08-23 00:04:49 -07:00: ✅ Connected to Redis
2025-08-23 00:04:49 -07:00: ✅ Redis client ready
2025-08-23 00:04:49 -07:00: ✅ Redis connection test successful
2025-08-23 00:04:49 -07:00: ✅ Connected to PostgreSQL database
2025-08-23 00:04:49 -07:00: ✅ Database tables created successfully
2025-08-23 00:04:57 -07:00: ::1 - - [23/Aug/2025:07:04:57 +0000] "GET /api/v1/posts/smart-feed?limit=5 HTTP/1.1" 400 144 "-" "curl/8.7.1"
2025-08-23 00:05:09 -07:00: ::1 - - [23/Aug/2025:07:05:09 +0000] "GET /api/v1/posts/smart-feed?limit=5 HTTP/1.1" 400 144 "-" "curl/8.7.1"
2025-08-23 00:06:46 -07:00: ⏰ Scheduling recurring post processing for 6:00 AM daily...
2025-08-23 00:06:46 -07:00: ✅ Recurring post processing scheduled successfully
2025-08-23 00:06:46 -07:00: 🧪 Development mode: Scheduling hourly recurring post processing...
2025-08-23 00:06:46 -07:00: ✅ Hourly processing scheduled for development
2025-08-23 00:06:46 -07:00: 🎯 All cron jobs initialized successfully
2025-08-23 00:06:46 -07:00: 🚀 Server running on port 3000
2025-08-23 00:06:46 -07:00: 📱 Environment: development
2025-08-23 00:06:46 -07:00: 🔗 API Version: v1
2025-08-23 00:06:46 -07:00: 🏛️ Currently restricted to: California Polytechnic State University, San Luis Obispo
2025-08-23 00:06:46 -07:00: 🔧 Multi-university architecture ready for future expansion
2025-08-23 00:06:46 -07:00: ✅ Connected to Redis
2025-08-23 00:06:46 -07:00: ✅ Redis client ready
2025-08-23 00:06:46 -07:00: ✅ Redis connection test successful
2025-08-23 00:06:46 -07:00: ✅ Connected to PostgreSQL database
2025-08-23 00:06:46 -07:00: ✅ Database tables created successfully
2025-08-23 00:06:52 -07:00: ::1 - - [23/Aug/2025:07:06:52 +0000] "GET /api/v1/posts/smart-feed?limit=5 HTTP/1.1" 200 4628 "-" "curl/8.7.1"
2025-08-23 00:14:08 -07:00: ⏰ Scheduling recurring post processing for 6:00 AM daily...
2025-08-23 00:14:08 -07:00: ✅ Recurring post processing scheduled successfully
2025-08-23 00:14:08 -07:00: 🧪 Development mode: Scheduling hourly recurring post processing...
2025-08-23 00:14:08 -07:00: ✅ Hourly processing scheduled for development
2025-08-23 00:14:08 -07:00: 🎯 All cron jobs initialized successfully
2025-08-23 00:14:08 -07:00: 🚀 Server running on port 3000
2025-08-23 00:14:08 -07:00: 📱 Environment: development
2025-08-23 00:14:08 -07:00: 🔗 API Version: v1
2025-08-23 00:14:08 -07:00: 🏛️ Currently restricted to: California Polytechnic State University, San Luis Obispo
2025-08-23 00:14:08 -07:00: 🔧 Multi-university architecture ready for future expansion
2025-08-23 00:14:08 -07:00: ✅ Connected to Redis
2025-08-23 00:14:08 -07:00: ✅ Redis client ready
2025-08-23 00:14:08 -07:00: ✅ Redis connection test successful
2025-08-23 00:14:08 -07:00: ✅ Connected to PostgreSQL database
2025-08-23 00:14:08 -07:00: ✅ Database tables created successfully
2025-08-23 00:14:14 -07:00: ::1 - - [23/Aug/2025:07:14:14 +0000] "GET /api/v1/posts/smart-feed?limit=5 HTTP/1.1" 200 4627 "-" "curl/8.7.1"
2025-08-23 00:14:43 -07:00: ::1 - - [23/Aug/2025:07:14:43 +0000] "GET /api/v1/posts/smart-feed?limit=8 HTTP/1.1" 200 7108 "-" "curl/8.7.1"
2025-08-23 02:04:58 -07:00: [2025-08-23T09:04:58.258Z] [PID: 56226] [32m[NODE-CRON][32m [33m[WARN][0m missed execution at Sat Aug 23 2025 02:00:00 GMT-0700 (Pacific Daylight Time)! Possible blocking IO or high CPU user at the same process used by node-cron.
2025-08-23 03:07:14 -07:00: [2025-08-23T10:07:14.270Z] [PID: 56226] [32m[NODE-CRON][32m [33m[WARN][0m missed execution at Sat Aug 23 2025 03:00:00 GMT-0700 (Pacific Daylight Time)! Possible blocking IO or high CPU user at the same process used by node-cron.
2025-08-23 04:13:19 -07:00: [2025-08-23T11:13:19.886Z] [PID: 56226] [32m[NODE-CRON][32m [33m[WARN][0m missed execution at Sat Aug 23 2025 04:00:00 GMT-0700 (Pacific Daylight Time)! Possible blocking IO or high CPU user at the same process used by node-cron.
2025-08-23 05:08:46 -07:00: [2025-08-23T12:08:46.280Z] [PID: 56226] [32m[NODE-CRON][32m [33m[WARN][0m missed execution at Sat Aug 23 2025 05:00:00 GMT-0700 (Pacific Daylight Time)! Possible blocking IO or high CPU user at the same process used by node-cron.
2025-08-23 06:11:54 -07:00: [2025-08-23T13:11:54.149Z] [PID: 56226] [32m[NODE-CRON][32m [33m[WARN][0m missed execution at Sat Aug 23 2025 06:00:00 GMT-0700 (Pacific Daylight Time)! Possible blocking IO or high CPU user at the same process used by node-cron.
2025-08-23 07:03:55 -07:00: [2025-08-23T14:03:55.849Z] [PID: 56226] [32m[NODE-CRON][32m [33m[WARN][0m missed execution at Sat Aug 23 2025 07:00:00 GMT-0700 (Pacific Daylight Time)! Possible blocking IO or high CPU user at the same process used by node-cron.
2025-08-23 08:09:05 -07:00: [2025-08-23T15:09:05.809Z] [PID: 56226] [32m[NODE-CRON][32m [33m[WARN][0m missed execution at Sat Aug 23 2025 08:00:00 GMT-0700 (Pacific Daylight Time)! Possible blocking IO or high CPU user at the same process used by node-cron.
2025-08-23 09:06:42 -07:00: [2025-08-23T16:06:42.925Z] [PID: 56226] [32m[NODE-CRON][32m [33m[WARN][0m missed execution at Sat Aug 23 2025 09:00:00 GMT-0700 (Pacific Daylight Time)! Possible blocking IO or high CPU user at the same process used by node-cron.
2025-08-23 10:05:56 -07:00: [2025-08-23T17:05:56.877Z] [PID: 56226] [32m[NODE-CRON][32m [33m[WARN][0m missed execution at Sat Aug 23 2025 10:00:00 GMT-0700 (Pacific Daylight Time)! Possible blocking IO or high CPU user at the same process used by node-cron.
2025-08-23 10:26:27 -07:00: ⏰ Scheduling recurring post processing for 6:00 AM daily...
2025-08-23 10:26:27 -07:00: ✅ Recurring post processing scheduled successfully
2025-08-23 10:26:27 -07:00: 🧪 Development mode: Scheduling hourly recurring post processing...
2025-08-23 10:26:27 -07:00: ✅ Hourly processing scheduled for development
2025-08-23 10:26:27 -07:00: 🎯 All cron jobs initialized successfully
2025-08-23 10:26:27 -07:00: 🚀 Server running on port 3000
2025-08-23 10:26:27 -07:00: 📱 Environment: development
2025-08-23 10:26:27 -07:00: 🔗 API Version: v1
2025-08-23 10:26:27 -07:00: 🏛️ Currently restricted to: California Polytechnic State University, San Luis Obispo
2025-08-23 10:26:27 -07:00: 🔧 Multi-university architecture ready for future expansion
2025-08-23 10:26:27 -07:00: ✅ Connected to Redis
2025-08-23 10:26:27 -07:00: ✅ Redis client ready
2025-08-23 10:26:27 -07:00: ✅ Redis connection test successful
2025-08-23 10:26:27 -07:00: ✅ Connected to PostgreSQL database
2025-08-23 10:26:27 -07:00: ✅ Database tables created successfully
2025-08-23 10:26:35 -07:00: ::1 - - [23/Aug/2025:17:26:35 +0000] "GET /api/v1/posts/smart-feed?limit=5 HTTP/1.1" 200 4619 "-" "curl/8.7.1"
2025-08-23 10:28:36 -07:00: ⏰ Scheduling recurring post processing for 6:00 AM daily...
2025-08-23 10:28:36 -07:00: ✅ Recurring post processing scheduled successfully
2025-08-23 10:28:36 -07:00: 🧪 Development mode: Scheduling hourly recurring post processing...
2025-08-23 10:28:36 -07:00: ✅ Hourly processing scheduled for development
2025-08-23 10:28:36 -07:00: 🎯 All cron jobs initialized successfully
2025-08-23 10:28:36 -07:00: 🚀 Server running on port 3000
2025-08-23 10:28:36 -07:00: 📱 Environment: development
2025-08-23 10:28:36 -07:00: 🔗 API Version: v1
2025-08-23 10:28:36 -07:00: 🏛️ Currently restricted to: California Polytechnic State University, San Luis Obispo
2025-08-23 10:28:36 -07:00: 🔧 Multi-university architecture ready for future expansion
2025-08-23 10:28:36 -07:00: ✅ Connected to Redis
2025-08-23 10:28:36 -07:00: ✅ Redis client ready
2025-08-23 10:28:36 -07:00: ✅ Redis connection test successful
2025-08-23 10:28:36 -07:00: ✅ Connected to PostgreSQL database
2025-08-23 10:28:36 -07:00: ✅ Database tables created successfully
2025-08-23 10:30:09 -07:00: ✅ Connected to PostgreSQL database
2025-08-23 10:30:09 -07:00: ::1 - - [23/Aug/2025:17:30:09 +0000] "GET /api/v1/posts/smart-feed?limit=5 HTTP/1.1" 200 4611 "-" "curl/8.7.1"
